Currently Loaded Modulefiles:
  1) chpc/BIOMODULES
  2) /apps/chpc/scripts/modules/bio/lib/isl/0.16.1
  3) gcc/9.2.0
  4) cmake/3.16.3
  5) chpc/phys/geant4/10.5.1
  6) chpc/phys/root/6-20-04
/mnt/lustre/users/shart/Geant4.10.05/TargetPG/Sc45/src/DetectorConstruction.cc: In member function ‘virtual G4VPhysicalVolume* DetectorConstruction::Construct()’:
/mnt/lustre/users/shart/Geant4.10.05/TargetPG/Sc45/src/DetectorConstruction.cc:198:17: warning: unused variable ‘PMMA_MAT’ [-Wunused-variable]
  198 |     G4Material* PMMA_MAT = G4NistManager::Instance()->FindOrBuildMaterial("G4_PLEXIGLASS", isotopes);
      |                 ^~~~~~~~
/mnt/lustre/users/shart/Geant4.10.05/TargetPG/Sc45/src/EventAction.cc: In member function ‘virtual void EventAction::BeginOfEventAction(const G4Event*)’:
/mnt/lustre/users/shart/Geant4.10.05/TargetPG/Sc45/src/EventAction.cc:62:53: warning: unused parameter ‘event’ [-Wunused-parameter]
   62 | void EventAction::BeginOfEventAction(const G4Event* event)
      |                                      ~~~~~~~~~~~~~~~^~~~~
/mnt/lustre/users/shart/Geant4.10.05/TargetPG/Sc45/src/StackingAction.cc: In member function ‘virtual G4ClassificationOfNewTrack StackingAction::ClassifyNewTrack(const G4Track*)’:
/mnt/lustre/users/shart/Geant4.10.05/TargetPG/Sc45/src/StackingAction.cc:57:76: warning: unused parameter ‘track’ [-Wunused-parameter]
   57 | G4ClassificationOfNewTrack StackingAction::ClassifyNewTrack(const G4Track* track)
      |                                                             ~~~~~~~~~~~~~~~^~~~~
/mnt/lustre/users/shart/Geant4.10.05/TargetPG/Sc45/src/SteppingAction.cc: In member function ‘virtual void SteppingAction::UserSteppingAction(const G4Step*)’:
/mnt/lustre/users/shart/Geant4.10.05/TargetPG/Sc45/src/SteppingAction.cc:103:23: warning: comparison of integer expressions of different signedness: ‘int’ and ‘std::vector<double>::size_type’ {aka ‘long unsigned int’} [-Wsign-compare]
  103 |       for(int i = 0; i<gammaEkin.size(); i++)
      |                      ~^~~~~~~~~~~~~~~~~
